2025-07-14 15:19:57,565 - __main__ - INFO - Monitoreando carpeta ./data/videos...
2025-07-14 15:45:18,758 - __main__ - INFO - Monitoreando carpeta ./data/videos...
2025-07-14 15:45:58,426 - __main__ - INFO - 
Nuevo video detectado: ./data/videos\e5502655-eb6e-416d-9b28-5d7818d80e4c.webm
2025-07-14 15:48:19,050 - __main__ - INFO - Resultados guardados en: ./data/procesados\e5502655-eb6e-416d-9b28-5d7818d80e4c.json
2025-07-14 15:48:19,051 - __main__ - ERROR - Error moviendo archivos: [WinError 2] El sistema no puede encontrar el archivo especificado: 'procesado_e5502655-eb6e-416d-9b28-5d7818d80e4c.webm' -> './data/procesados\\procesado_e5502655-eb6e-416d-9b28-5d7818d80e4c.webm'
2025-07-14 15:55:04,271 - __main__ - INFO - Monitoreando carpeta ./data/videos...
2025-07-14 15:56:46,895 - __main__ - INFO - 
Nuevo video detectado: ./data/videos\9e4fee23-4784-40b9-a11d-e6113b114ddb.mp4
2025-07-14 15:57:10,782 - __main__ - INFO - Resultados guardados en: ./data/procesados\9e4fee23-4784-40b9-a11d-e6113b114ddb.json
2025-07-14 15:57:10,855 - __main__ - INFO - Archivos movidos a: ./data/procesados
2025-07-14 15:57:12,252 - __main__ - INFO - 
Nuevo video detectado: ./data/videos\f224f1c4-46d1-4d17-8488-baf0bdceff03.mp4
2025-07-14 15:57:22,736 - __main__ - INFO - Resultados guardados en: ./data/procesados\f224f1c4-46d1-4d17-8488-baf0bdceff03.json
2025-07-14 15:57:22,737 - __main__ - INFO - Archivos movidos a: ./data/procesados
2025-07-14 15:57:37,666 - __main__ - INFO - 
Nuevo video detectado: ./data/videos\d01fc26a-f74d-4fc4-8aa3-2556b29170de.mp4
2025-07-14 15:57:55,227 - __main__ - INFO - Resultados guardados en: ./data/procesados\d01fc26a-f74d-4fc4-8aa3-2556b29170de.json
2025-07-14 15:57:55,229 - __main__ - INFO - Archivos movidos a: ./data/procesados
2025-07-14 15:58:03,026 - __main__ - INFO - 
Nuevo video detectado: ./data/videos\dedb5805-bfd8-48a1-a546-8a21cb0ace74.mp4
2025-07-14 15:58:20,389 - __main__ - INFO - Resultados guardados en: ./data/procesados\dedb5805-bfd8-48a1-a546-8a21cb0ace74.json
2025-07-14 15:58:20,389 - __main__ - INFO - Intentando subir: procesado_dedb5805-bfd8-48a1-a546-8a21cb0ace74.mp4 como evidencia_kuntur_dedb5805-bfd8-48a1-a546-8a21cb0ace74.mp4
2025-07-14 15:58:20,390 - utils.backblaze_utils - INFO - Autenticando con Backblaze usando keyID: 005ed...
2025-07-14 15:58:21,390 - utils.backblaze_utils - INFO - Obteniendo URL de subida desde: https://api005.backblazeb2.com/b2api/v2/b2_get_upload_url
2025-07-14 15:58:22,053 - utils.backblaze_utils - INFO - URL de subida obtenida: https://pod-050-1026-16.backblaze.com/b2api/v2/b2_upload_file/3e5dfb167e65e0af93720710/c005_v0501026_t0043
2025-07-14 15:58:22,053 - utils.backblaze_utils - INFO - Tamaño del archivo: 2.66 MB
2025-07-14 15:58:22,063 - utils.backblaze_utils - INFO - Subiendo procesado_dedb5805-bfd8-48a1-a546-8a21cb0ace74.mp4...
2025-07-14 15:58:24,209 - __main__ - INFO - ¡Video subido a Backblaze como evidencia_kuntur_dedb5805-bfd8-48a1-a546-8a21cb0ace74.mp4!
2025-07-14 15:58:24,236 - __main__ - INFO - Archivos movidos a: ./data/procesados
2025-07-14 15:58:24,237 - utils.audio_utils - INFO - Procesando audio para: dedb5805-bfd8-48a1-a546-8a21cb0ace74.mp4
2025-07-14 15:58:24,238 - utils.audio_utils - INFO - Análisis visual cargado exitosamente
2025-07-14 15:58:41,577 - utils.audio_utils - ERROR - Error extrayendo audio: Command '['ffmpeg', '-i', './data/por_transcribir\\dedb5805-bfd8-48a1-a546-8a21cb0ace74.mp4', '-vn', '-acodec', 'pcm_s16le', '-ar', '16000', '-ac', '1', '-y', './data/por_transcribir\\dedb5805-bfd8-48a1-a546-8a21cb0ace74.wav']' returned non-zero exit status 4294967274.
2025-07-14 15:58:41,577 - utils.audio_utils - ERROR - Error extrayendo audio de: dedb5805-bfd8-48a1-a546-8a21cb0ace74.mp4
2025-07-14 15:58:41,579 - __main__ - INFO - 
Nuevo video detectado: ./data/videos\a0043a48-674c-4e03-a4b7-4e8825a1210c.mp4
2025-07-14 15:59:02,102 - __main__ - INFO - Resultados guardados en: ./data/procesados\a0043a48-674c-4e03-a4b7-4e8825a1210c.json
2025-07-14 15:59:02,102 - __main__ - INFO - Intentando subir: procesado_a0043a48-674c-4e03-a4b7-4e8825a1210c.mp4 como evidencia_kuntur_a0043a48-674c-4e03-a4b7-4e8825a1210c.mp4
2025-07-14 15:59:02,107 - utils.backblaze_utils - INFO - Autenticando con Backblaze usando keyID: 005ed...
2025-07-14 15:59:02,752 - utils.backblaze_utils - INFO - Obteniendo URL de subida desde: https://api005.backblazeb2.com/b2api/v2/b2_get_upload_url
2025-07-14 15:59:03,280 - utils.backblaze_utils - INFO - URL de subida obtenida: https://pod-050-1034-13.backblaze.com/b2api/v2/b2_upload_file/3e5dfb167e65e0af93720710/c005_v0501034_t0023
2025-07-14 15:59:03,281 - utils.backblaze_utils - INFO - Tamaño del archivo: 5.04 MB
2025-07-14 15:59:03,288 - utils.backblaze_utils - INFO - Subiendo procesado_a0043a48-674c-4e03-a4b7-4e8825a1210c.mp4...
2025-07-14 15:59:04,823 - __main__ - INFO - ¡Video subido a Backblaze como evidencia_kuntur_a0043a48-674c-4e03-a4b7-4e8825a1210c.mp4!
2025-07-14 15:59:04,831 - __main__ - INFO - Archivos movidos a: ./data/procesados
2025-07-14 15:59:04,833 - utils.audio_utils - INFO - Procesando audio para: a0043a48-674c-4e03-a4b7-4e8825a1210c.mp4
2025-07-14 15:59:04,835 - utils.audio_utils - INFO - Análisis visual cargado exitosamente
2025-07-14 15:59:05,171 - utils.audio_utils - ERROR - Error extrayendo audio: Command '['ffmpeg', '-i', './data/por_transcribir\\a0043a48-674c-4e03-a4b7-4e8825a1210c.mp4', '-vn', '-acodec', 'pcm_s16le', '-ar', '16000', '-ac', '1', '-y', './data/por_transcribir\\a0043a48-674c-4e03-a4b7-4e8825a1210c.wav']' returned non-zero exit status 4294967274.
2025-07-14 15:59:05,171 - utils.audio_utils - ERROR - Error extrayendo audio de: a0043a48-674c-4e03-a4b7-4e8825a1210c.mp4
2025-07-14 15:59:05,171 - __main__ - INFO - 
Nuevo video detectado: ./data/videos\ed128509-6d9b-4f65-9090-4af094f13be9.mp4
2025-07-14 15:59:13,541 - __main__ - INFO - Resultados guardados en: ./data/procesados\ed128509-6d9b-4f65-9090-4af094f13be9.json
2025-07-14 15:59:13,541 - __main__ - INFO - Archivos movidos a: ./data/procesados
2025-07-14 16:00:14,298 - __main__ - INFO - 
Nuevo video detectado: ./data/videos\3222b560-ef0e-46b2-b9da-24fc8df0259d.mp4
2025-07-14 16:00:37,182 - __main__ - INFO - Resultados guardados en: ./data/procesados\3222b560-ef0e-46b2-b9da-24fc8df0259d.json
2025-07-14 16:00:37,182 - __main__ - INFO - Intentando subir: procesado_3222b560-ef0e-46b2-b9da-24fc8df0259d.mp4 como evidencia_kuntur_3222b560-ef0e-46b2-b9da-24fc8df0259d.mp4
2025-07-14 16:00:37,183 - utils.backblaze_utils - INFO - Autenticando con Backblaze usando keyID: 005ed...
2025-07-14 16:00:37,996 - utils.backblaze_utils - INFO - Obteniendo URL de subida desde: https://api005.backblazeb2.com/b2api/v2/b2_get_upload_url
2025-07-14 16:00:38,541 - utils.backblaze_utils - INFO - URL de subida obtenida: https://pod-050-1015-19.backblaze.com/b2api/v2/b2_upload_file/3e5dfb167e65e0af93720710/c005_v0501015_t0027
2025-07-14 16:00:38,541 - utils.backblaze_utils - INFO - Tamaño del archivo: 4.17 MB
2025-07-14 16:00:38,547 - utils.backblaze_utils - INFO - Subiendo procesado_3222b560-ef0e-46b2-b9da-24fc8df0259d.mp4...
2025-07-14 16:00:39,910 - __main__ - INFO - ¡Video subido a Backblaze como evidencia_kuntur_3222b560-ef0e-46b2-b9da-24fc8df0259d.mp4!
2025-07-14 16:00:39,912 - __main__ - INFO - Archivos movidos a: ./data/procesados
2025-07-14 16:00:39,912 - utils.audio_utils - INFO - Procesando audio para: 3222b560-ef0e-46b2-b9da-24fc8df0259d.mp4
2025-07-14 16:00:39,914 - utils.audio_utils - INFO - Análisis visual cargado exitosamente
2025-07-14 16:00:39,977 - utils.audio_utils - ERROR - Error extrayendo audio: Command '['ffmpeg', '-i', './data/por_transcribir\\3222b560-ef0e-46b2-b9da-24fc8df0259d.mp4', '-vn', '-acodec', 'pcm_s16le', '-ar', '16000', '-ac', '1', '-y', './data/por_transcribir\\3222b560-ef0e-46b2-b9da-24fc8df0259d.wav']' returned non-zero exit status 4294967274.
2025-07-14 16:00:39,977 - utils.audio_utils - ERROR - Error extrayendo audio de: 3222b560-ef0e-46b2-b9da-24fc8df0259d.mp4
2025-07-14 16:00:39,978 - __main__ - INFO - 
Nuevo video detectado: ./data/videos\37fddc6e-ee89-4793-910b-1d6f1fb76a29.mp4
2025-07-14 16:00:57,056 - __main__ - INFO - Resultados guardados en: ./data/procesados\37fddc6e-ee89-4793-910b-1d6f1fb76a29.json
2025-07-14 16:00:57,072 - __main__ - INFO - Archivos movidos a: ./data/procesados
2025-07-14 16:01:04,907 - __main__ - INFO - 
Nuevo video detectado: ./data/videos\2dbda424-63f0-4873-9913-e34bc09291e4.mp4
2025-07-14 16:01:12,733 - __main__ - INFO - Resultados guardados en: ./data/procesados\2dbda424-63f0-4873-9913-e34bc09291e4.json
2025-07-14 16:01:12,735 - __main__ - INFO - Archivos movidos a: ./data/procesados
2025-07-14 16:01:12,735 - __main__ - INFO - 
Nuevo video detectado: ./data/videos\57a4c767-4909-450c-978b-69268141d037.mp4
2025-07-14 16:01:17,652 - __main__ - INFO - Resultados guardados en: ./data/procesados\57a4c767-4909-450c-978b-69268141d037.json
2025-07-14 16:01:17,652 - __main__ - INFO - Archivos movidos a: ./data/procesados
